<?xml version="1.0" encoding="UTF-8"?>
<!-- Generated by org.testng.reporters.JUnitReportReporter -->
<testsuite skipped="0" hostname="Ms-MacBook-Pro.local" name="TestCases" tests="2" failures="0" timestamp="2022-10-19T19:39:19 WIB" time="15.908" errors="0">
  <testcase name="Test1" time="15.907" classname="TestCases"/>
  <system-out/>
  <testcase name="Test2" time="0.001" classname="TestCases"/>
  <system-out/>
</testsuite> <!-- TestCases -->
